<?xml version="1.0" encoding="UTF-8"?>
<!-- Generated by org.testng.reporters.JUnitXMLReporter -->
<testsuite hostname="Atul-Sharma" ignored="0" name="Test" tests="1" failures="1" timestamp="21 Aug 2017 09:14:18 GMT" time="3.085" errors="0">
  <testcase name="login_api" time="3.063" classname="ttn.kokaihop.api.apiTestCase.apiTestCases">
    <failure type="java.lang.AssertionError" message="expected [200] but found [401]">
      <![CDATA[java.lang.AssertionError: expected [200] but found [401]
	at ttn.kokaihop.api.apiTestCase.apiTestCases.login_api(apiTestCases.java:27)
... Removed 31 stack frames]]>
    </failure>
  </testcase> <!-- login_api -->
</testsuite> <!-- Test -->
