<?xml version="1.0" encoding="UTF-8"?>
<testng-results skipped="0" failed="0" ignored="0" total="1" passed="1">
  <reporter-output>
  </reporter-output>
  <suite name="Default suite" duration-ms="3326" started-at="2017-07-20T07:29:30Z" finished-at="2017-07-20T07:29:33Z">
    <groups>
    </groups>
    <test name="Default test" duration-ms="3326" started-at="2017-07-20T07:29:30Z" finished-at="2017-07-20T07:29:33Z">
      <class name="ttn.kokaihop.api.apiTestCase.apiTestCases">
        <test-method status="PASS" signature="login_api()[pri:0, instance:ttn.kokaihop.api.apiTestCase.apiTestCases@47c62251]" name="login_api" duration-ms="3308" started-at="2017-07-20T12:59:30Z" finished-at="2017-07-20T12:59:33Z">
          <reporter-output>
          </reporter-output>
        </test-method> <!-- login_api -->
      </class> <!-- ttn.kokaihop.api.apiTestCase.apiTestCases -->
    </test> <!-- Default test -->
  </suite> <!-- Default suite -->
</testng-results>
